2019-05-21 09:43:18,251 [DEBUG] SingleClientConnManager:210 - Get connection for route {}->http://sw-center.st.com:80
2019-05-21 09:43:18,467 [DEBUG] DefaultClientConnectionOperator:177 - Connecting to sw-center.st.com:80
2019-05-21 09:43:18,616 [DEBUG] RequestAddCookies:123 - CookieSpec selected: default
2019-05-21 09:43:18,617 [DEBUG] RequestAuthCache:77 - Auth cache not set in the context
2019-05-21 09:43:18,619 [DEBUG] RequestTargetAuthentication:80 - Target auth state: UNCHALLENGED
2019-05-21 09:43:18,619 [DEBUG] RequestProxyAuthentication:89 - Proxy auth state: UNCHALLENGED
2019-05-21 09:43:18,620 [DEBUG] SNIAwareHttpClient:682 - Attempt 1 to execute request
2019-05-21 09:43:18,620 [DEBUG] DefaultClientConnection:274 - Sending request: GET /stm32cubeide/updatesite1/p2.index HTTP/1.1
2019-05-21 09:43:18,630 [DEBUG] wire:73 -  >> "GET /stm32cubeide/updatesite1/p2.index HTTP/1.1[\r][\n]"
2019-05-21 09:43:18,631 [DEBUG] wire:73 -  >> "Cache-Control: max-age=0[\r][\n]"
2019-05-21 09:43:18,632 [DEBUG] wire:73 -  >> "User-Agent: p2/1.2.100.v20180822-1354 (Java 1.8.0_202-b08 AdoptOpenJdk; Windows10 10.0.0 x86-64; en_US) com.st.stm32cube.ide.mcu.rcp.product/unknownBuildId (org.eclipse.ui.ide.workbench)[\r][\n]"
2019-05-21 09:43:18,632 [DEBUG] wire:73 -  >> "Host: sw-center.st.com[\r][\n]"
2019-05-21 09:43:18,638 [DEBUG] wire:73 -  >> "Connection: Keep-Alive[\r][\n]"
2019-05-21 09:43:18,638 [DEBUG] wire:73 -  >> "Accept-Encoding: gzip,deflate[\r][\n]"
2019-05-21 09:43:18,639 [DEBUG] wire:73 -  >> "[\r][\n]"
2019-05-21 09:43:18,639 [DEBUG] headers:278 - >> GET /stm32cubeide/updatesite1/p2.index HTTP/1.1
2019-05-21 09:43:18,639 [DEBUG] headers:281 - >> Cache-Control: max-age=0
2019-05-21 09:43:18,640 [DEBUG] headers:281 - >> User-Agent: p2/1.2.100.v20180822-1354 (Java 1.8.0_202-b08 AdoptOpenJdk; Windows10 10.0.0 x86-64; en_US) com.st.stm32cube.ide.mcu.rcp.product/unknownBuildId (org.eclipse.ui.ide.workbench)
2019-05-21 09:43:18,641 [DEBUG] headers:281 - >> Host: sw-center.st.com
2019-05-21 09:43:18,641 [DEBUG] headers:281 - >> Connection: Keep-Alive
2019-05-21 09:43:18,651 [DEBUG] headers:281 - >> Accept-Encoding: gzip,deflate
2019-05-21 09:43:18,711 [DEBUG] wire:73 -  << "HTTP/1.1 404 Not Found[\r][\n]"
2019-05-21 09:43:18,713 [DEBUG] wire:73 -  << "Date: Tue, 21 May 2019 09:44:09 GMT[\r][\n]"
2019-05-21 09:43:18,714 [DEBUG] wire:73 -  << "Server: PWS/8.3.2.1[\r][\n]"
2019-05-21 09:43:18,714 [DEBUG] wire:73 -  << "X-Px: ms h0-s4007.p11-fra ( h0-s4010.p11-fra), ht h0-s4010.p11-fra.cdngp.net[\r][\n]"
2019-05-21 09:43:18,714 [DEBUG] wire:73 -  << "Age: 388[\r][\n]"
2019-05-21 09:43:18,714 [DEBUG] wire:73 -  << "Cache-Control: max-age=600[\r][\n]"
2019-05-21 09:43:18,715 [DEBUG] wire:73 -  << "Expires: Tue, 21 May 2019 09:47:41 GMT[\r][\n]"
2019-05-21 09:43:18,715 [DEBUG] wire:73 -  << "Content-Length: 368[\r][\n]"
2019-05-21 09:43:18,715 [DEBUG] wire:73 -  << "Content-Type: text/html; charset=utf-8[\r][\n]"
2019-05-21 09:43:18,716 [DEBUG] wire:73 -  << "x-amz-id-2: AHVxb/R6xpTPle5nOqKl7fPzj2lFXKT+TB4NG/CBGq/gwACxGTMfsIqpdbOx8JUrIj0NjlFkPcQ=[\r][\n]"
2019-05-21 09:43:18,716 [DEBUG] wire:73 -  << "x-amz-request-id: 13F7DB1FDAF6A37C[\r][\n]"
2019-05-21 09:43:18,716 [DEBUG] wire:73 -  << "Connection: keep-alive[\r][\n]"
2019-05-21 09:43:18,717 [DEBUG] wire:73 -  << "[\r][\n]"
2019-05-21 09:43:18,718 [DEBUG] DefaultClientConnection:259 - Receiving response: HTTP/1.1 404 Not Found
2019-05-21 09:43:18,718 [DEBUG] headers:262 - << HTTP/1.1 404 Not Found
2019-05-21 09:43:18,718 [DEBUG] headers:265 - << Date: Tue, 21 May 2019 09:44:09 GMT
2019-05-21 09:43:18,718 [DEBUG] headers:265 - << Server: PWS/8.3.2.1
2019-05-21 09:43:18,719 [DEBUG] headers:265 - << X-Px: ms h0-s4007.p11-fra ( h0-s4010.p11-fra), ht h0-s4010.p11-fra.cdngp.net
2019-05-21 09:43:18,719 [DEBUG] headers:265 - << Age: 388
2019-05-21 09:43:18,719 [DEBUG] headers:265 - << Cache-Control: max-age=600
2019-05-21 09:43:18,720 [DEBUG] headers:265 - << Expires: Tue, 21 May 2019 09:47:41 GMT
2019-05-21 09:43:18,720 [DEBUG] headers:265 - << Content-Length: 368
2019-05-21 09:43:18,720 [DEBUG] headers:265 - << Content-Type: text/html; charset=utf-8
2019-05-21 09:43:18,720 [DEBUG] headers:265 - << x-amz-id-2: AHVxb/R6xpTPle5nOqKl7fPzj2lFXKT+TB4NG/CBGq/gwACxGTMfsIqpdbOx8JUrIj0NjlFkPcQ=
2019-05-21 09:43:18,720 [DEBUG] headers:265 - << x-amz-request-id: 13F7DB1FDAF6A37C
2019-05-21 09:43:18,721 [DEBUG] headers:265 - << Connection: keep-alive
2019-05-21 09:43:18,725 [DEBUG] SNIAwareHttpClient:509 - Connection can be kept alive indefinitely
2019-05-21 09:43:18,754 [DEBUG] wire:73 -  << "<html>[\n]"
2019-05-21 09:43:18,756 [DEBUG] wire:73 -  << "<head><title>404 Not Found</title></head>[\n]"
2019-05-21 09:43:18,756 [DEBUG] wire:73 -  << "<body>[\n]"
2019-05-21 09:43:18,756 [DEBUG] wire:73 -  << "<h1>404 Not Found</h1>[\n]"
2019-05-21 09:43:18,756 [DEBUG] wire:73 -  << "<ul>[\n]"
2019-05-21 09:43:18,757 [DEBUG] wire:73 -  << "<li>Code: NoSuchKey</li>[\n]"
2019-05-21 09:43:18,757 [DEBUG] wire:73 -  << "<li>Message: The specified key does not exist.</li>[\n]"
2019-05-21 09:43:18,757 [DEBUG] wire:73 -  << "<li>Key: stm32cubeide/updatesite1/p2.index</li>[\n]"
2019-05-21 09:43:18,768 [DEBUG] wire:73 -  << "<li>RequestId: 13F7DB1FDAF6A37C</li>[\n]"
2019-05-21 09:43:18,769 [DEBUG] wire:73 -  << "<li>HostId: AHVxb/R6xpTPle5nOqKl7fPzj2lFXKT+TB4NG/CBGq/gwACxGTMfsIqpdbOx8JUrIj0NjlFkPcQ=</li>[\n]"
2019-05-21 09:43:18,770 [DEBUG] wire:73 -  << "</ul>[\n]"
2019-05-21 09:43:18,770 [DEBUG] wire:73 -  << "<hr/>[\n]"
2019-05-21 09:43:18,770 [DEBUG] wire:73 -  << "</body>[\n]"
2019-05-21 09:43:18,770 [DEBUG] wire:73 -  << "</html>[\n]"
2019-05-21 09:43:18,771 [DEBUG] SingleClientConnManager:265 - Releasing connection org.apache.http.impl.conn.SingleClientConnManager$ConnAdapter@2a89d200
2019-05-21 09:43:18,975 [DEBUG] BasicClientConnectionManager:161 - Get connection for route {}->http://sw-center.st.com:80
2019-05-21 09:43:18,977 [DEBUG] DefaultClientConnectionOperator:177 - Connecting to sw-center.st.com:80
2019-05-21 09:43:19,034 [DEBUG] RequestAddCookies:123 - CookieSpec selected: default
2019-05-21 09:43:19,035 [DEBUG] RequestAuthCache:77 - Auth cache not set in the context
2019-05-21 09:43:19,035 [DEBUG] RequestTargetAuthentication:80 - Target auth state: UNCHALLENGED
2019-05-21 09:43:19,035 [DEBUG] RequestProxyAuthentication:89 - Proxy auth state: UNCHALLENGED
2019-05-21 09:43:19,036 [DEBUG] SNIAwareHttpClient:682 - Attempt 1 to execute request
2019-05-21 09:43:19,036 [DEBUG] DefaultClientConnection:274 - Sending request: HEAD /stm32cubeide/updatesite1/compositeContent.jar HTTP/1.1
2019-05-21 09:43:19,036 [DEBUG] wire:73 -  >> "HEAD /stm32cubeide/updatesite1/compositeContent.jar HTTP/1.1[\r][\n]"
2019-05-21 09:43:19,036 [DEBUG] wire:73 -  >> "Cache-Control: max-age=0[\r][\n]"
2019-05-21 09:43:19,037 [DEBUG] wire:73 -  >> "Host: sw-center.st.com[\r][\n]"
2019-05-21 09:43:19,037 [DEBUG] wire:73 -  >> "Connection: Keep-Alive[\r][\n]"
2019-05-21 09:43:19,037 [DEBUG] wire:73 -  >> "User-Agent: Apache-HttpClient/4.5.5 (Java/1.8.0_202)[\r][\n]"
2019-05-21 09:43:19,037 [DEBUG] wire:73 -  >> "[\r][\n]"
2019-05-21 09:43:19,038 [DEBUG] headers:278 - >> HEAD /stm32cubeide/updatesite1/compositeContent.jar HTTP/1.1
2019-05-21 09:43:19,041 [DEBUG] headers:281 - >> Cache-Control: max-age=0
2019-05-21 09:43:19,042 [DEBUG] headers:281 - >> Host: sw-center.st.com
2019-05-21 09:43:19,042 [DEBUG] headers:281 - >> Connection: Keep-Alive
2019-05-21 09:43:19,042 [DEBUG] headers:281 - >> User-Agent: Apache-HttpClient/4.5.5 (Java/1.8.0_202)
2019-05-21 09:43:19,120 [DEBUG] wire:73 -  << "HTTP/1.1 404 Not Found[\r][\n]"
2019-05-21 09:43:19,121 [DEBUG] wire:73 -  << "Date: Tue, 21 May 2019 09:44:09 GMT[\r][\n]"
2019-05-21 09:43:19,121 [DEBUG] wire:73 -  << "Server: PWS/8.3.2.1[\r][\n]"
2019-05-21 09:43:19,121 [DEBUG] wire:73 -  << "X-Px: ms h0-s4007.p11-fra ( h0-s4004.p11-fra), rf-ms h0-s4004.p11-fra ( h0-s4008.p6-lhr), ht h0-s4008.p6-lhr.cdngp.net[\r][\n]"
2019-05-21 09:43:19,122 [DEBUG] wire:73 -  << "Age: 231[\r][\n]"
2019-05-21 09:43:19,122 [DEBUG] wire:73 -  << "Cache-Control: max-age=600[\r][\n]"
2019-05-21 09:43:19,122 [DEBUG] wire:73 -  << "Expires: Tue, 21 May 2019 09:50:18 GMT[\r][\n]"
2019-05-21 09:43:19,122 [DEBUG] wire:73 -  << "Content-Length: 380[\r][\n]"
2019-05-21 09:43:19,123 [DEBUG] wire:73 -  << "Content-Type: text/html; charset=utf-8[\r][\n]"
2019-05-21 09:43:19,123 [DEBUG] wire:73 -  << "x-amz-id-2: Hqoo9ae4mvLYWpghTh2LkIAptn9qi0ZsSTJRzrkCZfYZTALFzkmmhICtRdvcEiAh10N/gl7eF/4=[\r][\n]"
2019-05-21 09:43:19,123 [DEBUG] wire:73 -  << "x-amz-request-id: D2B3186E63A36281[\r][\n]"
2019-05-21 09:43:19,124 [DEBUG] wire:73 -  << "Connection: keep-alive[\r][\n]"
2019-05-21 09:43:19,124 [DEBUG] wire:73 -  << "[\r][\n]"
2019-05-21 09:43:19,124 [DEBUG] DefaultClientConnection:259 - Receiving response: HTTP/1.1 404 Not Found
2019-05-21 09:43:19,124 [DEBUG] headers:262 - << HTTP/1.1 404 Not Found
2019-05-21 09:43:19,125 [DEBUG] headers:265 - << Date: Tue, 21 May 2019 09:44:09 GMT
2019-05-21 09:43:19,125 [DEBUG] headers:265 - << Server: PWS/8.3.2.1
2019-05-21 09:43:19,125 [DEBUG] headers:265 - << X-Px: ms h0-s4007.p11-fra ( h0-s4004.p11-fra), rf-ms h0-s4004.p11-fra ( h0-s4008.p6-lhr), ht h0-s4008.p6-lhr.cdngp.net
2019-05-21 09:43:19,125 [DEBUG] headers:265 - << Age: 231
2019-05-21 09:43:19,125 [DEBUG] headers:265 - << Cache-Control: max-age=600
2019-05-21 09:43:19,125 [DEBUG] headers:265 - << Expires: Tue, 21 May 2019 09:50:18 GMT
2019-05-21 09:43:19,126 [DEBUG] headers:265 - << Content-Length: 380
2019-05-21 09:43:19,126 [DEBUG] headers:265 - << Content-Type: text/html; charset=utf-8
2019-05-21 09:43:19,126 [DEBUG] headers:265 - << x-amz-id-2: Hqoo9ae4mvLYWpghTh2LkIAptn9qi0ZsSTJRzrkCZfYZTALFzkmmhICtRdvcEiAh10N/gl7eF/4=
2019-05-21 09:43:19,126 [DEBUG] headers:265 - << x-amz-request-id: D2B3186E63A36281
2019-05-21 09:43:19,126 [DEBUG] headers:265 - << Connection: keep-alive
2019-05-21 09:43:19,127 [DEBUG] SNIAwareHttpClient:509 - Connection can be kept alive indefinitely
2019-05-21 09:43:19,127 [DEBUG] BasicClientConnectionManager:200 - Releasing connection org.apache.http.impl.conn.ManagedClientConnectionImpl@5ca5e9e2
2019-05-21 09:43:19,127 [DEBUG] BasicClientConnectionManager:225 - Connection can be kept alive indefinitely
2019-05-21 09:43:19,134 [DEBUG] BasicClientConnectionManager:161 - Get connection for route {}->http://sw-center.st.com:80
2019-05-21 09:43:19,135 [DEBUG] DefaultClientConnectionOperator:177 - Connecting to sw-center.st.com:80
2019-05-21 09:43:19,190 [DEBUG] RequestAddCookies:123 - CookieSpec selected: default
2019-05-21 09:43:19,191 [DEBUG] RequestAuthCache:77 - Auth cache not set in the context
2019-05-21 09:43:19,191 [DEBUG] RequestTargetAuthentication:80 - Target auth state: UNCHALLENGED
2019-05-21 09:43:19,191 [DEBUG] RequestProxyAuthentication:89 - Proxy auth state: UNCHALLENGED
2019-05-21 09:43:19,192 [DEBUG] SNIAwareHttpClient:682 - Attempt 1 to execute request
2019-05-21 09:43:19,192 [DEBUG] DefaultClientConnection:274 - Sending request: HEAD /stm32cubeide/updatesite1/compositeContent.xml HTTP/1.1
2019-05-21 09:43:19,192 [DEBUG] wire:73 -  >> "HEAD /stm32cubeide/updatesite1/compositeContent.xml HTTP/1.1[\r][\n]"
2019-05-21 09:43:19,192 [DEBUG] wire:73 -  >> "Cache-Control: max-age=0[\r][\n]"
2019-05-21 09:43:19,193 [DEBUG] wire:73 -  >> "Host: sw-center.st.com[\r][\n]"
2019-05-21 09:43:19,193 [DEBUG] wire:73 -  >> "Connection: Keep-Alive[\r][\n]"
2019-05-21 09:43:19,193 [DEBUG] wire:73 -  >> "User-Agent: Apache-HttpClient/4.5.5 (Java/1.8.0_202)[\r][\n]"
2019-05-21 09:43:19,194 [DEBUG] wire:73 -  >> "[\r][\n]"
2019-05-21 09:43:19,194 [DEBUG] headers:278 - >> HEAD /stm32cubeide/updatesite1/compositeContent.xml HTTP/1.1
2019-05-21 09:43:19,194 [DEBUG] headers:281 - >> Cache-Control: max-age=0
2019-05-21 09:43:19,194 [DEBUG] headers:281 - >> Host: sw-center.st.com
2019-05-21 09:43:19,195 [DEBUG] headers:281 - >> Connection: Keep-Alive
2019-05-21 09:43:19,195 [DEBUG] headers:281 - >> User-Agent: Apache-HttpClient/4.5.5 (Java/1.8.0_202)
2019-05-21 09:43:19,257 [DEBUG] wire:73 -  << "HTTP/1.1 200 OK[\r][\n]"
2019-05-21 09:43:19,257 [DEBUG] wire:73 -  << "Date: Tue, 21 May 2019 09:44:10 GMT[\r][\n]"
2019-05-21 09:43:19,257 [DEBUG] wire:73 -  << "Server: PWS/8.3.2.1[\r][\n]"
2019-05-21 09:43:19,258 [DEBUG] wire:73 -  << "X-Px: ms h0-s4007.p11-fra ( h0-s4012.p11-fra), ht h0-s4012.p11-fra.cdngp.net[\r][\n]"
2019-05-21 09:43:19,258 [DEBUG] wire:73 -  << "ETag: "e6dc9b557b7e67eace8d998bc51285c7"[\r][\n]"
2019-05-21 09:43:19,258 [DEBUG] wire:73 -  << "Age: 167930[\r][\n]"
2019-05-21 09:43:19,258 [DEBUG] wire:73 -  << "Cache-Control: max-age=604800[\r][\n]"
2019-05-21 09:43:19,259 [DEBUG] wire:73 -  << "Expires: Sun, 26 May 2019 11:05:20 GMT[\r][\n]"
2019-05-21 09:43:19,259 [DEBUG] wire:73 -  << "Content-Length: 471[\r][\n]"
2019-05-21 09:43:19,259 [DEBUG] wire:73 -  << "Content-Type: text/xml[\r][\n]"
2019-05-21 09:43:19,259 [DEBUG] wire:73 -  << "Last-Modified: Fri, 26 Apr 2019 08:50:42 GMT[\r][\n]"
2019-05-21 09:43:19,260 [DEBUG] wire:73 -  << "x-amz-version-id: Ov9wm_XnTgAFMBxmbTEks2kKhYgoYklQ[\r][\n]"
2019-05-21 09:43:19,260 [DEBUG] wire:73 -  << "x-amz-id-2: Gr+lcLj/rBA01FDGHIX8LNYziUyreSwK0xMGigOgjVZU6qkRG5F6gJNy5jrA+C6AOdxNKuv4KQc=[\r][\n]"
2019-05-21 09:43:19,260 [DEBUG] wire:73 -  << "x-amz-request-id: 3A1E5E097B040A06[\r][\n]"
2019-05-21 09:43:19,260 [DEBUG] wire:73 -  << "x-amz-meta-cb-modifiedtime: Wed, 24 Apr 2019 09:04:42 GMT[\r][\n]"
2019-05-21 09:43:19,261 [DEBUG] wire:73 -  << "Connection: keep-alive[\r][\n]"
2019-05-21 09:43:19,261 [DEBUG] wire:73 -  << "[\r][\n]"
2019-05-21 09:43:19,261 [DEBUG] DefaultClientConnection:259 - Receiving response: HTTP/1.1 200 OK
2019-05-21 09:43:19,261 [DEBUG] headers:262 - << HTTP/1.1 200 OK
2019-05-21 09:43:19,261 [DEBUG] headers:265 - << Date: Tue, 21 May 2019 09:44:10 GMT
2019-05-21 09:43:19,262 [DEBUG] headers:265 - << Server: PWS/8.3.2.1
2019-05-21 09:43:19,262 [DEBUG] headers:265 - << X-Px: ms h0-s4007.p11-fra ( h0-s4012.p11-fra), ht h0-s4012.p11-fra.cdngp.net
2019-05-21 09:43:19,262 [DEBUG] headers:265 - << ETag: "e6dc9b557b7e67eace8d998bc51285c7"
2019-05-21 09:43:19,262 [DEBUG] headers:265 - << Age: 167930
2019-05-21 09:43:19,262 [DEBUG] headers:265 - << Cache-Control: max-age=604800
2019-05-21 09:43:19,263 [DEBUG] headers:265 - << Expires: Sun, 26 May 2019 11:05:20 GMT
2019-05-21 09:43:19,263 [DEBUG] headers:265 - << Content-Length: 471
2019-05-21 09:43:19,263 [DEBUG] headers:265 - << Content-Type: text/xml
2019-05-21 09:43:19,263 [DEBUG] headers:265 - << Last-Modified: Fri, 26 Apr 2019 08:50:42 GMT
2019-05-21 09:43:19,263 [DEBUG] headers:265 - << x-amz-version-id: Ov9wm_XnTgAFMBxmbTEks2kKhYgoYklQ
2019-05-21 09:43:19,263 [DEBUG] headers:265 - << x-amz-id-2: Gr+lcLj/rBA01FDGHIX8LNYziUyreSwK0xMGigOgjVZU6qkRG5F6gJNy5jrA+C6AOdxNKuv4KQc=
2019-05-21 09:43:19,264 [DEBUG] headers:265 - << x-amz-request-id: 3A1E5E097B040A06
2019-05-21 09:43:19,264 [DEBUG] headers:265 - << x-amz-meta-cb-modifiedtime: Wed, 24 Apr 2019 09:04:42 GMT
2019-05-21 09:43:19,264 [DEBUG] headers:265 - << Connection: keep-alive
2019-05-21 09:43:19,264 [DEBUG] SNIAwareHttpClient:509 - Connection can be kept alive indefinitely
2019-05-21 09:43:19,264 [DEBUG] BasicClientConnectionManager:200 - Releasing connection org.apache.http.impl.conn.ManagedClientConnectionImpl@2bcb254e
2019-05-21 09:43:19,265 [DEBUG] BasicClientConnectionManager:225 - Connection can be kept alive indefinitely
2019-05-21 09:43:19,355 [DEBUG] SingleClientConnManager:210 - Get connection for route {}->http://sw-center.st.com:80
2019-05-21 09:43:19,355 [DEBUG] DefaultClientConnectionOperator:177 - Connecting to sw-center.st.com:80
2019-05-21 09:43:19,412 [DEBUG] RequestAddCookies:123 - CookieSpec selected: default
2019-05-21 09:43:19,412 [DEBUG] RequestAuthCache:77 - Auth cache not set in the context
2019-05-21 09:43:19,412 [DEBUG] RequestTargetAuthentication:80 - Target auth state: UNCHALLENGED
2019-05-21 09:43:19,413 [DEBUG] RequestProxyAuthentication:89 - Proxy auth state: UNCHALLENGED
2019-05-21 09:43:19,413 [DEBUG] SNIAwareHttpClient:682 - Attempt 1 to execute request
2019-05-21 09:43:19,413 [DEBUG] DefaultClientConnection:274 - Sending request: GET /stm32cubeide/updatesite1/1.0.0/p2.index HTTP/1.1
2019-05-21 09:43:19,413 [DEBUG] wire:73 -  >> "GET /stm32cubeide/updatesite1/1.0.0/p2.index HTTP/1.1[\r][\n]"
2019-05-21 09:43:19,414 [DEBUG] wire:73 -  >> "Cache-Control: max-age=0[\r][\n]"
2019-05-21 09:43:19,414 [DEBUG] wire:73 -  >> "User-Agent: p2/1.2.100.v20180822-1354 (Java 1.8.0_202-b08 AdoptOpenJdk; Windows10 10.0.0 x86-64; en_US) com.st.stm32cube.ide.mcu.rcp.product/unknownBuildId (org.eclipse.ui.ide.workbench)[\r][\n]"
2019-05-21 09:43:19,414 [DEBUG] wire:73 -  >> "Host: sw-center.st.com[\r][\n]"
2019-05-21 09:43:19,414 [DEBUG] wire:73 -  >> "Connection: Keep-Alive[\r][\n]"
2019-05-21 09:43:19,415 [DEBUG] wire:73 -  >> "Accept-Encoding: gzip,deflate[\r][\n]"
2019-05-21 09:43:19,429 [DEBUG] wire:73 -  >> "[\r][\n]"
2019-05-21 09:43:19,429 [DEBUG] headers:278 - >> GET /stm32cubeide/updatesite1/1.0.0/p2.index HTTP/1.1
2019-05-21 09:43:19,429 [DEBUG] headers:281 - >> Cache-Control: max-age=0
2019-05-21 09:43:19,430 [DEBUG] headers:281 - >> User-Agent: p2/1.2.100.v20180822-1354 (Java 1.8.0_202-b08 AdoptOpenJdk; Windows10 10.0.0 x86-64; en_US) com.st.stm32cube.ide.mcu.rcp.product/unknownBuildId (org.eclipse.ui.ide.workbench)
2019-05-21 09:43:19,430 [DEBUG] headers:281 - >> Host: sw-center.st.com
2019-05-21 09:43:19,430 [DEBUG] headers:281 - >> Connection: Keep-Alive
2019-05-21 09:43:19,430 [DEBUG] headers:281 - >> Accept-Encoding: gzip,deflate
2019-05-21 09:43:19,493 [DEBUG] wire:73 -  << "HTTP/1.1 200 OK[\r][\n]"
2019-05-21 09:43:19,494 [DEBUG] wire:73 -  << "Date: Tue, 21 May 2019 09:44:10 GMT[\r][\n]"
2019-05-21 09:43:19,494 [DEBUG] wire:73 -  << "Server: PWS/8.3.2.1[\r][\n]"
2019-05-21 09:43:19,494 [DEBUG] wire:73 -  << "X-Px: ms h0-s4007.p11-fra ( h0-s4017.p11-fra), ht h0-s4017.p11-fra.cdngp.net[\r][\n]"
2019-05-21 09:43:19,497 [DEBUG] wire:73 -  << "ETag: "284632ada586aaf9826d908d33d87a49"[\r][\n]"
2019-05-21 09:43:19,497 [DEBUG] wire:73 -  << "Age: 553993[\r][\n]"
2019-05-21 09:43:19,498 [DEBUG] wire:73 -  << "Cache-Control: max-age=604800[\r][\n]"
2019-05-21 09:43:19,498 [DEBUG] wire:73 -  << "Expires: Tue, 21 May 2019 23:50:57 GMT[\r][\n]"
2019-05-21 09:43:19,501 [DEBUG] wire:73 -  << "Content-Length: 172[\r][\n]"
2019-05-21 09:43:19,501 [DEBUG] wire:73 -  << "Content-Type: application/octet-stream[\r][\n]"
2019-05-21 09:43:19,501 [DEBUG] wire:73 -  << "Last-Modified: Fri, 26 Apr 2019 08:50:51 GMT[\r][\n]"
2019-05-21 09:43:19,501 [DEBUG] wire:73 -  << "x-amz-version-id: 6TmQxlIR0LxPneaWQbf1z__wZKmE3NY7[\r][\n]"
2019-05-21 09:43:19,502 [DEBUG] wire:73 -  << "x-amz-id-2: 35RPuUvcCrYujF6LEeVKMmXHUus66MrzJ8kIO7lZASmdU3RQHjm0yREGh3MNYaIGABrsnQsahl4=[\r][\n]"
2019-05-21 09:43:19,502 [DEBUG] wire:73 -  << "x-amz-request-id: 0E2883C2A5BEB29E[\r][\n]"
2019-05-21 09:43:19,502 [DEBUG] wire:73 -  << "x-amz-meta-cb-modifiedtime: Tue, 23 Apr 2019 19:03:42 GMT[\r][\n]"
2019-05-21 09:43:19,503 [DEBUG] wire:73 -  << "Connection: keep-alive[\r][\n]"
2019-05-21 09:43:19,503 [DEBUG] wire:73 -  << "[\r][\n]"
2019-05-21 09:43:19,504 [DEBUG] DefaultClientConnection:259 - Receiving response: HTTP/1.1 200 OK
2019-05-21 09:43:19,505 [DEBUG] headers:262 - << HTTP/1.1 200 OK
2019-05-21 09:43:19,505 [DEBUG] headers:265 - << Date: Tue, 21 May 2019 09:44:10 GMT
2019-05-21 09:43:19,505 [DEBUG] headers:265 - << Server: PWS/8.3.2.1
2019-05-21 09:43:19,505 [DEBUG] headers:265 - << X-Px: ms h0-s4007.p11-fra ( h0-s4017.p11-fra), ht h0-s4017.p11-fra.cdngp.net
2019-05-21 09:43:19,505 [DEBUG] headers:265 - << ETag: "284632ada586aaf9826d908d33d87a49"
2019-05-21 09:43:19,505 [DEBUG] headers:265 - << Age: 553993
2019-05-21 09:43:19,506 [DEBUG] headers:265 - << Cache-Control: max-age=604800
2019-05-21 09:43:19,508 [DEBUG] headers:265 - << Expires: Tue, 21 May 2019 23:50:57 GMT
2019-05-21 09:43:19,509 [DEBUG] headers:265 - << Content-Length: 172
2019-05-21 09:43:19,509 [DEBUG] headers:265 - << Content-Type: application/octet-stream
2019-05-21 09:43:19,509 [DEBUG] headers:265 - << Last-Modified: Fri, 26 Apr 2019 08:50:51 GMT
2019-05-21 09:43:19,509 [DEBUG] headers:265 - << x-amz-version-id: 6TmQxlIR0LxPneaWQbf1z__wZKmE3NY7
2019-05-21 09:43:19,509 [DEBUG] headers:265 - << x-amz-id-2: 35RPuUvcCrYujF6LEeVKMmXHUus66MrzJ8kIO7lZASmdU3RQHjm0yREGh3MNYaIGABrsnQsahl4=
2019-05-21 09:43:19,510 [DEBUG] headers:265 - << x-amz-request-id: 0E2883C2A5BEB29E
2019-05-21 09:43:19,510 [DEBUG] headers:265 - << x-amz-meta-cb-modifiedtime: Tue, 23 Apr 2019 19:03:42 GMT
2019-05-21 09:43:19,510 [DEBUG] headers:265 - << Connection: keep-alive
2019-05-21 09:43:19,510 [DEBUG] SNIAwareHttpClient:509 - Connection can be kept alive indefinitely
2019-05-21 09:43:19,516 [DEBUG] wire:73 -  << "#Tue Apr 23 21:03:43 UTC 2019[\n]"
2019-05-21 09:43:19,516 [DEBUG] wire:73 -  << "version=1[\n]"
2019-05-21 09:43:19,516 [DEBUG] wire:73 -  << "metadata.repository.factory.order=content.xml.xz,content.xml,\![\n]"
2019-05-21 09:43:19,517 [DEBUG] wire:73 -  << "artifact.repository.factory.order=artifacts.xml.xz,artifacts.xml,\![\n]"
2019-05-21 09:43:19,563 [DEBUG] SingleClientConnManager:265 - Releasing connection org.apache.http.impl.conn.SingleClientConnManager$ConnAdapter@2b288ef3
2019-05-21 09:43:19,895 [DEBUG] BasicClientConnectionManager:161 - Get connection for route {}->http://sw-center.st.com:80
2019-05-21 09:43:19,896 [DEBUG] DefaultClientConnectionOperator:177 - Connecting to sw-center.st.com:80
2019-05-21 09:43:19,948 [DEBUG] RequestAddCookies:123 - CookieSpec selected: default
2019-05-21 09:43:19,949 [DEBUG] RequestAuthCache:77 - Auth cache not set in the context
2019-05-21 09:43:19,949 [DEBUG] RequestTargetAuthentication:80 - Target auth state: UNCHALLENGED
2019-05-21 09:43:19,949 [DEBUG] RequestProxyAuthentication:89 - Proxy auth state: UNCHALLENGED
2019-05-21 09:43:19,949 [DEBUG] SNIAwareHttpClient:682 - Attempt 1 to execute request
2019-05-21 09:43:19,949 [DEBUG] DefaultClientConnection:274 - Sending request: HEAD /stm32cubeide/updatesite1/1.0.0/content.xml.xz HTTP/1.1
2019-05-21 09:43:19,950 [DEBUG] wire:73 -  >> "HEAD /stm32cubeide/updatesite1/1.0.0/content.xml.xz HTTP/1.1[\r][\n]"
2019-05-21 09:43:19,950 [DEBUG] wire:73 -  >> "Cache-Control: max-age=0[\r][\n]"
2019-05-21 09:43:19,950 [DEBUG] wire:73 -  >> "Host: sw-center.st.com[\r][\n]"
2019-05-21 09:43:19,950 [DEBUG] wire:73 -  >> "Connection: Keep-Alive[\r][\n]"
2019-05-21 09:43:19,950 [DEBUG] wire:73 -  >> "User-Agent: Apache-HttpClient/4.5.5 (Java/1.8.0_202)[\r][\n]"
2019-05-21 09:43:19,951 [DEBUG] wire:73 -  >> "[\r][\n]"
2019-05-21 09:43:19,951 [DEBUG] headers:278 - >> HEAD /stm32cubeide/updatesite1/1.0.0/content.xml.xz HTTP/1.1
2019-05-21 09:43:19,951 [DEBUG] headers:281 - >> Cache-Control: max-age=0
2019-05-21 09:43:19,951 [DEBUG] headers:281 - >> Host: sw-center.st.com
2019-05-21 09:43:19,951 [DEBUG] headers:281 - >> Connection: Keep-Alive
2019-05-21 09:43:19,951 [DEBUG] headers:281 - >> User-Agent: Apache-HttpClient/4.5.5 (Java/1.8.0_202)
2019-05-21 09:43:20,007 [DEBUG] wire:73 -  << "HTTP/1.1 200 OK[\r][\n]"
2019-05-21 09:43:20,008 [DEBUG] wire:73 -  << "Date: Tue, 21 May 2019 09:44:10 GMT[\r][\n]"
2019-05-21 09:43:20,008 [DEBUG] wire:73 -  << "Server: PWS/8.3.2.1[\r][\n]"
2019-05-21 09:43:20,008 [DEBUG] wire:73 -  << "X-Px: ms h0-s4007.p11-fra ( h0-s4010.p11-fra), ht h0-s4010.p11-fra.cdngp.net[\r][\n]"
2019-05-21 09:43:20,009 [DEBUG] wire:73 -  << "ETag: "0ae01ce1ffa429a5af9a7c1badadf2a8"[\r][\n]"
2019-05-21 09:43:20,009 [DEBUG] wire:73 -  << "Age: 182269[\r][\n]"
2019-05-21 09:43:20,009 [DEBUG] wire:73 -  << "Cache-Control: max-age=604800[\r][\n]"
2019-05-21 09:43:20,009 [DEBUG] wire:73 -  << "Expires: Sun, 26 May 2019 07:06:21 GMT[\r][\n]"
2019-05-21 09:43:20,009 [DEBUG] wire:73 -  << "Accept-Ranges: bytes[\r][\n]"
2019-05-21 09:43:20,016 [DEBUG] wire:73 -  << "Content-Length: 69904[\r][\n]"
2019-05-21 09:43:20,016 [DEBUG] wire:73 -  << "Content-Type: application/octet-stream[\r][\n]"
2019-05-21 09:43:20,018 [DEBUG] wire:73 -  << "Last-Modified: Fri, 26 Apr 2019 08:50:51 GMT[\r][\n]"
2019-05-21 09:43:20,018 [DEBUG] wire:73 -  << "x-amz-version-id: 8r6hCUl1L7ffx6AGOZCxQrEmyo986kNH[\r][\n]"
2019-05-21 09:43:20,018 [DEBUG] wire:73 -  << "x-amz-id-2: gRe0rIefvrmTsBDjqdODJbu8dF2ynL/ZKnqFpcFJbQVAD+M6UMV+BohXqzARwDkiugaF0ZjKe1g=[\r][\n]"
2019-05-21 09:43:20,019 [DEBUG] wire:73 -  << "x-amz-request-id: 816B80927E3B3AAB[\r][\n]"
2019-05-21 09:43:20,019 [DEBUG] wire:73 -  << "x-amz-meta-cb-modifiedtime: Tue, 23 Apr 2019 19:03:42 GMT[\r][\n]"
2019-05-21 09:43:20,019 [DEBUG] wire:73 -  << "Connection: keep-alive[\r][\n]"
2019-05-21 09:43:20,019 [DEBUG] wire:73 -  << "[\r][\n]"
2019-05-21 09:43:20,019 [DEBUG] DefaultClientConnection:259 - Receiving response: HTTP/1.1 200 OK
2019-05-21 09:43:20,020 [DEBUG] headers:262 - << HTTP/1.1 200 OK
2019-05-21 09:43:20,020 [DEBUG] headers:265 - << Date: Tue, 21 May 2019 09:44:10 GMT
2019-05-21 09:43:20,020 [DEBUG] headers:265 - << Server: PWS/8.3.2.1
2019-05-21 09:43:20,020 [DEBUG] headers:265 - << X-Px: ms h0-s4007.p11-fra ( h0-s4010.p11-fra), ht h0-s4010.p11-fra.cdngp.net
2019-05-21 09:43:20,020 [DEBUG] headers:265 - << ETag: "0ae01ce1ffa429a5af9a7c1badadf2a8"
2019-05-21 09:43:20,020 [DEBUG] headers:265 - << Age: 182269
2019-05-21 09:43:20,021 [DEBUG] headers:265 - << Cache-Control: max-age=604800
2019-05-21 09:43:20,021 [DEBUG] headers:265 - << Expires: Sun, 26 May 2019 07:06:21 GMT
2019-05-21 09:43:20,021 [DEBUG] headers:265 - << Accept-Ranges: bytes
2019-05-21 09:43:20,021 [DEBUG] headers:265 - << Content-Length: 69904
2019-05-21 09:43:20,021 [DEBUG] headers:265 - << Content-Type: application/octet-stream
2019-05-21 09:43:20,021 [DEBUG] headers:265 - << Last-Modified: Fri, 26 Apr 2019 08:50:51 GMT
2019-05-21 09:43:20,021 [DEBUG] headers:265 - << x-amz-version-id: 8r6hCUl1L7ffx6AGOZCxQrEmyo986kNH
2019-05-21 09:43:20,022 [DEBUG] headers:265 - << x-amz-id-2: gRe0rIefvrmTsBDjqdODJbu8dF2ynL/ZKnqFpcFJbQVAD+M6UMV+BohXqzARwDkiugaF0ZjKe1g=
2019-05-21 09:43:20,022 [DEBUG] headers:265 - << x-amz-request-id: 816B80927E3B3AAB
2019-05-21 09:43:20,022 [DEBUG] headers:265 - << x-amz-meta-cb-modifiedtime: Tue, 23 Apr 2019 19:03:42 GMT
2019-05-21 09:43:20,022 [DEBUG] headers:265 - << Connection: keep-alive
2019-05-21 09:43:20,022 [DEBUG] SNIAwareHttpClient:509 - Connection can be kept alive indefinitely
2019-05-21 09:43:20,023 [DEBUG] BasicClientConnectionManager:200 - Releasing connection org.apache.http.impl.conn.ManagedClientConnectionImpl@75c49fa0
2019-05-21 09:43:20,023 [DEBUG] BasicClientConnectionManager:225 - Connection can be kept alive indefinitely
2019-05-21 09:43:20,694 [DEBUG] SingleClientConnManager:210 - Get connection for route {s}->https://download.eclipse.org:443
2019-05-21 09:43:20,828 [DEBUG] DefaultClientConnectionOperator:177 - Connecting to download.eclipse.org:443
2019-05-21 09:43:21,398 [DEBUG] RequestAddCookies:123 - CookieSpec selected: default
2019-05-21 09:43:21,398 [DEBUG] RequestAuthCache:77 - Auth cache not set in the context
2019-05-21 09:43:21,406 [DEBUG] RequestTargetAuthentication:80 - Target auth state: UNCHALLENGED
2019-05-21 09:43:21,406 [DEBUG] RequestProxyAuthentication:89 - Proxy auth state: UNCHALLENGED
2019-05-21 09:43:21,406 [DEBUG] SNIAwareHttpClient:682 - Attempt 1 to execute request
2019-05-21 09:43:21,406 [DEBUG] DefaultClientConnection:274 - Sending request: GET /releases/2019-03/p2.index HTTP/1.1
2019-05-21 09:43:21,407 [DEBUG] wire:73 -  >> "GET /releases/2019-03/p2.index HTTP/1.1[\r][\n]"
2019-05-21 09:43:21,407 [DEBUG] wire:73 -  >> "Cache-Control: max-age=0[\r][\n]"
2019-05-21 09:43:21,407 [DEBUG] wire:73 -  >> "User-Agent: p2/1.2.100.v20180822-1354 (Java 1.8.0_202-b08 AdoptOpenJdk; Windows10 10.0.0 x86-64; en_US) com.st.stm32cube.ide.mcu.rcp.product/unknownBuildId (org.eclipse.ui.ide.workbench)[\r][\n]"
2019-05-21 09:43:21,407 [DEBUG] wire:73 -  >> "Host: download.eclipse.org[\r][\n]"
2019-05-21 09:43:21,408 [DEBUG] wire:73 -  >> "Connection: Keep-Alive[\r][\n]"
2019-05-21 09:43:21,410 [DEBUG] wire:73 -  >> "Accept-Encoding: gzip,deflate[\r][\n]"
2019-05-21 09:43:21,411 [DEBUG] wire:73 -  >> "[\r][\n]"
2019-05-21 09:43:21,412 [DEBUG] headers:278 - >> GET /releases/2019-03/p2.index HTTP/1.1
2019-05-21 09:43:21,412 [DEBUG] headers:281 - >> Cache-Control: max-age=0
2019-05-21 09:43:21,413 [DEBUG] headers:281 - >> User-Agent: p2/1.2.100.v20180822-1354 (Java 1.8.0_202-b08 AdoptOpenJdk; Windows10 10.0.0 x86-64; en_US) com.st.stm32cube.ide.mcu.rcp.product/unknownBuildId (org.eclipse.ui.ide.workbench)
2019-05-21 09:43:21,413 [DEBUG] headers:281 - >> Host: download.eclipse.org
2019-05-21 09:43:21,413 [DEBUG] headers:281 - >> Connection: Keep-Alive
2019-05-21 09:43:21,413 [DEBUG] headers:281 - >> Accept-Encoding: gzip,deflate
2019-05-21 09:43:22,204 [DEBUG] wire:73 -  << "HTTP/1.1 200 OK[\r][\n]"
2019-05-21 09:43:22,205 [DEBUG] wire:73 -  << "Server: nginx[\r][\n]"
2019-05-21 09:43:22,205 [DEBUG] wire:73 -  << "Date: Tue, 21 May 2019 09:44:06 GMT[\r][\n]"
2019-05-21 09:43:22,208 [DEBUG] wire:73 -  << "Content-Type: text/plain[\r][\n]"
2019-05-21 09:43:22,209 [DEBUG] wire:73 -  << "Transfer-Encoding: chunked[\r][\n]"
2019-05-21 09:43:22,209 [DEBUG] wire:73 -  << "Connection: keep-alive[\r][\n]"
2019-05-21 09:43:22,209 [DEBUG] wire:73 -  << "Vary: Accept-Encoding[\r][\n]"
2019-05-21 09:43:22,210 [DEBUG] wire:73 -  << "Last-Modified: Wed, 19 Dec 2018 15:24:41 GMT[\r][\n]"
2019-05-21 09:43:22,210 [DEBUG] wire:73 -  << "ETag: W/"7a-57d619ceaff8e"[\r][\n]"
2019-05-21 09:43:22,210 [DEBUG] wire:73 -  << "X-NodeID: download1[\r][\n]"
2019-05-21 09:43:22,210 [DEBUG] wire:73 -  << "Strict-Transport-Security: max-age=15552000; includeSubDomains; preload[\r][\n]"
2019-05-21 09:43:22,210 [DEBUG] wire:73 -  << "X-Frame-Options: SAMEORIGIN[\r][\n]"
2019-05-21 09:43:22,211 [DEBUG] wire:73 -  << "X-Content-Type-Options: nosniff[\r][\n]"
2019-05-21 09:43:22,212 [DEBUG] wire:73 -  << "X-XSS-Protection: 1; mode=block[\r][\n]"
2019-05-21 09:43:22,212 [DEBUG] wire:73 -  << "X-Proxy-Cache: HIT[\r][\n]"
2019-05-21 09:43:22,212 [DEBUG] wire:73 -  << "Content-Encoding: gzip[\r][\n]"
2019-05-21 09:43:22,212 [DEBUG] wire:73 -  << "[\r][\n]"
2019-05-21 09:43:22,212 [DEBUG] DefaultClientConnection:259 - Receiving response: HTTP/1.1 200 OK
2019-05-21 09:43:22,214 [DEBUG] headers:262 - << HTTP/1.1 200 OK
2019-05-21 09:43:22,214 [DEBUG] headers:265 - << Server: nginx
2019-05-21 09:43:22,214 [DEBUG] headers:265 - << Date: Tue, 21 May 2019 09:44:06 GMT
2019-05-21 09:43:22,214 [DEBUG] headers:265 - << Content-Type: text/plain
2019-05-21 09:43:22,215 [DEBUG] headers:265 - << Transfer-Encoding: chunked
2019-05-21 09:43:22,215 [DEBUG] headers:265 - << Connection: keep-alive
2019-05-21 09:43:22,215 [DEBUG] headers:265 - << Vary: Accept-Encoding
2019-05-21 09:43:22,215 [DEBUG] headers:265 - << Last-Modified: Wed, 19 Dec 2018 15:24:41 GMT
2019-05-21 09:43:22,215 [DEBUG] headers:265 - << ETag: W/"7a-57d619ceaff8e"
2019-05-21 09:43:22,215 [DEBUG] headers:265 - << X-NodeID: download1
2019-05-21 09:43:22,215 [DEBUG] headers:265 - << Strict-Transport-Security: max-age=15552000; includeSubDomains; preload
2019-05-21 09:43:22,215 [DEBUG] headers:265 - << X-Frame-Options: SAMEORIGIN
2019-05-21 09:43:22,216 [DEBUG] headers:265 - << X-Content-Type-Options: nosniff
2019-05-21 09:43:22,216 [DEBUG] headers:265 - << X-XSS-Protection: 1; mode=block
2019-05-21 09:43:22,216 [DEBUG] headers:265 - << X-Proxy-Cache: HIT
2019-05-21 09:43:22,216 [DEBUG] headers:265 - << Content-Encoding: gzip
2019-05-21 09:43:22,219 [DEBUG] SNIAwareHttpClient:509 - Connection can be kept alive indefinitely
2019-05-21 09:43:22,222 [DEBUG] wire:73 -  << "5d[\r][\n]"
2019-05-21 09:43:22,223 [DEBUG] wire:87 -  << "[0x1f]"
2019-05-21 09:43:22,223 [DEBUG] wire:87 -  << "[0x8b]"
2019-05-21 09:43:22,223 [DEBUG] wire:87 -  << "[0x8]"
2019-05-21 09:43:22,224 [DEBUG] wire:87 -  << "[0x0]"
2019-05-21 09:43:22,224 [DEBUG] wire:87 -  << "[0x0][0x0][0x0][0x0][0x0][0x3]"
2019-05-21 09:43:22,224 [DEBUG] wire:87 -  << "+K-*[0xce][0xcc][0xcf][0xb3]5[0xe4][0xca]M-ILI,I[0xd4]+J-[0xc8]/[0xce],[0xc9]/[0xaa][0xd4]KKL[0x6][0xd3][0xf9]E)[0xa9]E[0xb6][0xc9][0xf9][0xb9]`[0x99]T[0xe7][0xfc][0xbc][0x92][0xd4][0xbc][0x12][0xbd][0x8a][0xdc][0x1c][0xae][0xc4][0xa2][0x92]L[0x90]2"[0xb4]9B[0x95][0x16][0x83]5[0x2][0x0]{[0xc4][0xca]iz[0x0][0x0][0x0]"
2019-05-21 09:43:22,225 [DEBUG] wire:73 -  << "[\r][\n]"
2019-05-21 09:43:22,225 [DEBUG] wire:73 -  << "0[\r][\n]"
2019-05-21 09:43:22,226 [DEBUG] wire:73 -  << "[\r][\n]"
2019-05-21 09:43:22,226 [DEBUG] SingleClientConnManager:265 - Releasing connection org.apache.http.impl.conn.SingleClientConnManager$ConnAdapter@758deefb
2019-05-21 09:43:22,353 [DEBUG] BasicClientConnectionManager:161 - Get connection for route {s}->https://download.eclipse.org:443
2019-05-21 09:43:22,354 [DEBUG] DefaultClientConnectionOperator:177 - Connecting to download.eclipse.org:443
2019-05-21 09:43:23,193 [DEBUG] RequestAddCookies:123 - CookieSpec selected: default
2019-05-21 09:43:23,194 [DEBUG] RequestAuthCache:77 - Auth cache not set in the context
2019-05-21 09:43:23,194 [DEBUG] RequestTargetAuthentication:80 - Target auth state: UNCHALLENGED
2019-05-21 09:43:23,194 [DEBUG] RequestProxyAuthentication:89 - Proxy auth state: UNCHALLENGED
2019-05-21 09:43:23,194 [DEBUG] SNIAwareHttpClient:682 - Attempt 1 to execute request
2019-05-21 09:43:23,194 [DEBUG] DefaultClientConnection:274 - Sending request: HEAD /releases/2019-03/compositeContent.jar HTTP/1.1
2019-05-21 09:43:23,195 [DEBUG] wire:73 -  >> "HEAD /releases/2019-03/compositeContent.jar HTTP/1.1[\r][\n]"
2019-05-21 09:43:23,195 [DEBUG] wire:73 -  >> "Cache-Control: max-age=0[\r][\n]"
2019-05-21 09:43:23,195 [DEBUG] wire:73 -  >> "Host: download.eclipse.org[\r][\n]"
2019-05-21 09:43:23,195 [DEBUG] wire:73 -  >> "Connection: Keep-Alive[\r][\n]"
2019-05-21 09:43:23,195 [DEBUG] wire:73 -  >> "User-Agent: Apache-HttpClient/4.5.5 (Java/1.8.0_202)[\r][\n]"
2019-05-21 09:43:23,196 [DEBUG] wire:73 -  >> "[\r][\n]"
2019-05-21 09:43:23,196 [DEBUG] headers:278 - >> HEAD /releases/2019-03/compositeContent.jar HTTP/1.1
2019-05-21 09:43:23,196 [DEBUG] headers:281 - >> Cache-Control: max-age=0
2019-05-21 09:43:23,196 [DEBUG] headers:281 - >> Host: download.eclipse.org
2019-05-21 09:43:23,196 [DEBUG] headers:281 - >> Connection: Keep-Alive
2019-05-21 09:43:23,196 [DEBUG] headers:281 - >> User-Agent: Apache-HttpClient/4.5.5 (Java/1.8.0_202)
2019-05-21 09:43:23,365 [DEBUG] wire:73 -  << "HTTP/1.1 200 OK[\r][\n]"
2019-05-21 09:43:23,365 [DEBUG] wire:73 -  << "Server: nginx[\r][\n]"
2019-05-21 09:43:23,365 [DEBUG] wire:73 -  << "Date: Tue, 21 May 2019 09:44:07 GMT[\r][\n]"
2019-05-21 09:43:23,366 [DEBUG] wire:73 -  << "Content-Type: application/x-java-archive[\r][\n]"
2019-05-21 09:43:23,366 [DEBUG] wire:73 -  << "Content-Length: 491[\r][\n]"
2019-05-21 09:43:23,366 [DEBUG] wire:73 -  << "Connection: keep-alive[\r][\n]"
2019-05-21 09:43:23,366 [DEBUG] wire:73 -  << "Last-Modified: Wed, 20 Mar 2019 13:30:05 GMT[\r][\n]"
2019-05-21 09:43:23,366 [DEBUG] wire:73 -  << "ETag: "1eb-584869ea1932a"[\r][\n]"
2019-05-21 09:43:23,367 [DEBUG] wire:73 -  << "X-NodeID: download1[\r][\n]"
2019-05-21 09:43:23,367 [DEBUG] wire:73 -  << "Strict-Transport-Security: max-age=15552000; includeSubDomains; preload[\r][\n]"
2019-05-21 09:43:23,367 [DEBUG] wire:73 -  << "X-Frame-Options: SAMEORIGIN[\r][\n]"
2019-05-21 09:43:23,367 [DEBUG] wire:73 -  << "X-Content-Type-Options: nosniff[\r][\n]"
2019-05-21 09:43:23,367 [DEBUG] wire:73 -  << "X-XSS-Protection: 1; mode=block[\r][\n]"
2019-05-21 09:43:23,368 [DEBUG] wire:73 -  << "X-Proxy-Cache: HIT[\r][\n]"
2019-05-21 09:43:23,368 [DEBUG] wire:73 -  << "Accept-Ranges: bytes[\r][\n]"
2019-05-21 09:43:23,368 [DEBUG] wire:73 -  << "[\r][\n]"
2019-05-21 09:43:23,368 [DEBUG] DefaultClientConnection:259 - Receiving response: HTTP/1.1 200 OK
2019-05-21 09:43:23,368 [DEBUG] headers:262 - << HTTP/1.1 200 OK
2019-05-21 09:43:23,369 [DEBUG] headers:265 - << Server: nginx
2019-05-21 09:43:23,369 [DEBUG] headers:265 - << Date: Tue, 21 May 2019 09:44:07 GMT
2019-05-21 09:43:23,369 [DEBUG] headers:265 - << Content-Type: application/x-java-archive
2019-05-21 09:43:23,369 [DEBUG] headers:265 - << Content-Length: 491
2019-05-21 09:43:23,369 [DEBUG] headers:265 - << Connection: keep-alive
2019-05-21 09:43:23,370 [DEBUG] headers:265 - << Last-Modified: Wed, 20 Mar 2019 13:30:05 GMT
2019-05-21 09:43:23,370 [DEBUG] headers:265 - << ETag: "1eb-584869ea1932a"
2019-05-21 09:43:23,370 [DEBUG] headers:265 - << X-NodeID: download1
2019-05-21 09:43:23,370 [DEBUG] headers:265 - << Strict-Transport-Security: max-age=15552000; includeSubDomains; preload
2019-05-21 09:43:23,370 [DEBUG] headers:265 - << X-Frame-Options: SAMEORIGIN
2019-05-21 09:43:23,370 [DEBUG] headers:265 - << X-Content-Type-Options: nosniff
2019-05-21 09:43:23,370 [DEBUG] headers:265 - << X-XSS-Protection: 1; mode=block
2019-05-21 09:43:23,370 [DEBUG] headers:265 - << X-Proxy-Cache: HIT
2019-05-21 09:43:23,371 [DEBUG] headers:265 - << Accept-Ranges: bytes
2019-05-21 09:43:23,371 [DEBUG] SNIAwareHttpClient:509 - Connection can be kept alive indefinitely
2019-05-21 09:43:23,371 [DEBUG] BasicClientConnectionManager:200 - Releasing connection org.apache.http.impl.conn.ManagedClientConnectionImpl@1d4c33bd
2019-05-21 09:43:23,371 [DEBUG] BasicClientConnectionManager:225 - Connection can be kept alive indefinitely
2019-05-21 09:43:23,441 [DEBUG] SingleClientConnManager:210 - Get connection for route {s}->https://download.eclipse.org:443
2019-05-21 09:43:23,442 [DEBUG] DefaultClientConnectionOperator:177 - Connecting to download.eclipse.org:443
2019-05-21 09:43:23,602 [DEBUG] RequestAddCookies:123 - CookieSpec selected: default
2019-05-21 09:43:23,602 [DEBUG] RequestAuthCache:77 - Auth cache not set in the context
2019-05-21 09:43:23,602 [DEBUG] RequestTargetAuthentication:80 - Target auth state: UNCHALLENGED
2019-05-21 09:43:23,602 [DEBUG] RequestProxyAuthentication:89 - Proxy auth state: UNCHALLENGED
2019-05-21 09:43:23,602 [DEBUG] SNIAwareHttpClient:682 - Attempt 1 to execute request
2019-05-21 09:43:23,602 [DEBUG] DefaultClientConnection:274 - Sending request: GET /technology/epp/packages/2019-03/p2.index HTTP/1.1
2019-05-21 09:43:23,602 [DEBUG] wire:73 -  >> "GET /technology/epp/packages/2019-03/p2.index HTTP/1.1[\r][\n]"
2019-05-21 09:43:23,602 [DEBUG] wire:73 -  >> "Cache-Control: max-age=0[\r][\n]"
2019-05-21 09:43:23,602 [DEBUG] wire:73 -  >> "User-Agent: p2/1.2.100.v20180822-1354 (Java 1.8.0_202-b08 AdoptOpenJdk; Windows10 10.0.0 x86-64; en_US) com.st.stm32cube.ide.mcu.rcp.product/unknownBuildId (org.eclipse.ui.ide.workbench)[\r][\n]"
2019-05-21 09:43:23,602 [DEBUG] wire:73 -  >> "Host: download.eclipse.org[\r][\n]"
2019-05-21 09:43:23,602 [DEBUG] wire:73 -  >> "Connection: Keep-Alive[\r][\n]"
2019-05-21 09:43:23,602 [DEBUG] wire:73 -  >> "Accept-Encoding: gzip,deflate[\r][\n]"
2019-05-21 09:43:23,602 [DEBUG] wire:73 -  >> "[\r][\n]"
2019-05-21 09:43:23,602 [DEBUG] headers:278 - >> GET /technology/epp/packages/2019-03/p2.index HTTP/1.1
2019-05-21 09:43:23,602 [DEBUG] headers:281 - >> Cache-Control: max-age=0
2019-05-21 09:43:23,602 [DEBUG] headers:281 - >> User-Agent: p2/1.2.100.v20180822-1354 (Java 1.8.0_202-b08 AdoptOpenJdk; Windows10 10.0.0 x86-64; en_US) com.st.stm32cube.ide.mcu.rcp.product/unknownBuildId (org.eclipse.ui.ide.workbench)
2019-05-21 09:43:23,602 [DEBUG] headers:281 - >> Host: download.eclipse.org
2019-05-21 09:43:23,602 [DEBUG] headers:281 - >> Connection: Keep-Alive
2019-05-21 09:43:23,602 [DEBUG] headers:281 - >> Accept-Encoding: gzip,deflate
2019-05-21 09:43:24,113 [DEBUG] wire:73 -  << "HTTP/1.1 200 OK[\r][\n]"
2019-05-21 09:43:24,113 [DEBUG] wire:73 -  << "Server: nginx[\r][\n]"
2019-05-21 09:43:24,113 [DEBUG] wire:73 -  << "Date: Tue, 21 May 2019 09:44:08 GMT[\r][\n]"
2019-05-21 09:43:24,113 [DEBUG] wire:73 -  << "Content-Type: text/plain[\r][\n]"
2019-05-21 09:43:24,113 [DEBUG] wire:73 -  << "Transfer-Encoding: chunked[\r][\n]"
2019-05-21 09:43:24,113 [DEBUG] wire:73 -  << "Connection: keep-alive[\r][\n]"
2019-05-21 09:43:24,113 [DEBUG] wire:73 -  << "Vary: Accept-Encoding[\r][\n]"
2019-05-21 09:43:24,113 [DEBUG] wire:73 -  << "Last-Modified: Wed, 20 Mar 2019 10:26:30 GMT[\r][\n]"
2019-05-21 09:43:24,113 [DEBUG] wire:73 -  << "ETag: W/"8e-584840e0f8180"[\r][\n]"
2019-05-21 09:43:24,113 [DEBUG] wire:73 -  << "X-NodeID: download1[\r][\n]"
2019-05-21 09:43:24,113 [DEBUG] wire:73 -  << "Strict-Transport-Security: max-age=15552000; includeSubDomains; preload[\r][\n]"
2019-05-21 09:43:24,113 [DEBUG] wire:73 -  << "X-Frame-Options: SAMEORIGIN[\r][\n]"
2019-05-21 09:43:24,113 [DEBUG] wire:73 -  << "X-Content-Type-Options: nosniff[\r][\n]"
2019-05-21 09:43:24,113 [DEBUG] wire:73 -  << "X-XSS-Protection: 1; mode=block[\r][\n]"
2019-05-21 09:43:24,113 [DEBUG] wire:73 -  << "X-Proxy-Cache: HIT[\r][\n]"
2019-05-21 09:43:24,113 [DEBUG] wire:73 -  << "Content-Encoding: gzip[\r][\n]"
2019-05-21 09:43:24,113 [DEBUG] wire:73 -  << "[\r][\n]"
2019-05-21 09:43:24,113 [DEBUG] DefaultClientConnection:259 - Receiving response: HTTP/1.1 200 OK
2019-05-21 09:43:24,113 [DEBUG] headers:262 - << HTTP/1.1 200 OK
2019-05-21 09:43:24,113 [DEBUG] headers:265 - << Server: nginx
2019-05-21 09:43:24,113 [DEBUG] headers:265 - << Date: Tue, 21 May 2019 09:44:08 GMT
2019-05-21 09:43:24,113 [DEBUG] headers:265 - << Content-Type: text/plain
2019-05-21 09:43:24,113 [DEBUG] headers:265 - << Transfer-Encoding: chunked
2019-05-21 09:43:24,113 [DEBUG] headers:265 - << Connection: keep-alive
2019-05-21 09:43:24,113 [DEBUG] headers:265 - << Vary: Accept-Encoding
2019-05-21 09:43:24,113 [DEBUG] headers:265 - << Last-Modified: Wed, 20 Mar 2019 10:26:30 GMT
2019-05-21 09:43:24,113 [DEBUG] headers:265 - << ETag: W/"8e-584840e0f8180"
2019-05-21 09:43:24,113 [DEBUG] headers:265 - << X-NodeID: download1
2019-05-21 09:43:24,113 [DEBUG] headers:265 - << Strict-Transport-Security: max-age=15552000; includeSubDomains; preload
2019-05-21 09:43:24,113 [DEBUG] headers:265 - << X-Frame-Options: SAMEORIGIN
2019-05-21 09:43:24,113 [DEBUG] headers:265 - << X-Content-Type-Options: nosniff
2019-05-21 09:43:24,113 [DEBUG] headers:265 - << X-XSS-Protection: 1; mode=block
2019-05-21 09:43:24,129 [DEBUG] headers:265 - << X-Proxy-Cache: HIT
2019-05-21 09:43:24,129 [DEBUG] headers:265 - << Content-Encoding: gzip
2019-05-21 09:43:24,129 [DEBUG] SNIAwareHttpClient:509 - Connection can be kept alive indefinitely
2019-05-21 09:43:24,129 [DEBUG] wire:73 -  << "63[\r][\n]"
2019-05-21 09:43:24,129 [DEBUG] wire:87 -  << "[0x1f]"
2019-05-21 09:43:24,129 [DEBUG] wire:87 -  << "[0x8b]"
2019-05-21 09:43:24,129 [DEBUG] wire:87 -  << "[0x8]"
2019-05-21 09:43:24,129 [DEBUG] wire:87 -  << "[0x0]"
2019-05-21 09:43:24,129 [DEBUG] wire:87 -  << "[0x0][0x0][0x0][0x0][0x0][0x3]"
2019-05-21 09:43:24,129 [DEBUG] wire:73 -  << "+K-*[0xce][0xcc][0xcf][0xb3]5[0xe4][0xca]M-ILI,I[0xd4]+J-[0xc8]/[0xce],[0xc9]/[0xaa][0xd4]KKL[0x6][0xd3][0xf9]E)[0xa9]E[0xb6][\n]"
2019-05-21 09:43:24,129 [DEBUG] wire:87 -  << "[0xc9][0xf9]y%[0xa9]y%z[0x15][0xb9]9z[0x15]U:H\[0x1d]E[0xae][0xc4][0xa2][0x92]L[0x90]z<[0xfa]aJ[0x8a]a&[0xa0][0x8][0x0][0xcd][0x0][0x0][0x94][0x5]R[0xac][0x8e][0x0][0x0][0x0]"
2019-05-21 09:43:24,129 [DEBUG] wire:73 -  << "[\r][\n]"
2019-05-21 09:43:24,129 [DEBUG] wire:73 -  << "0[\r][\n]"
2019-05-21 09:43:24,129 [DEBUG] wire:73 -  << "[\r][\n]"
2019-05-21 09:43:24,129 [DEBUG] SingleClientConnManager:265 - Releasing connection org.apache.http.impl.conn.SingleClientConnManager$ConnAdapter@792f3b35
2019-05-21 09:43:24,244 [DEBUG] BasicClientConnectionManager:161 - Get connection for route {s}->https://download.eclipse.org:443
2019-05-21 09:43:24,244 [DEBUG] DefaultClientConnectionOperator:177 - Connecting to download.eclipse.org:443
2019-05-21 09:43:24,982 [DEBUG] RequestAddCookies:123 - CookieSpec selected: default
2019-05-21 09:43:24,983 [DEBUG] RequestAuthCache:77 - Auth cache not set in the context
2019-05-21 09:43:24,983 [DEBUG] RequestTargetAuthentication:80 - Target auth state: UNCHALLENGED
2019-05-21 09:43:24,983 [DEBUG] RequestProxyAuthentication:89 - Proxy auth state: UNCHALLENGED
2019-05-21 09:43:24,983 [DEBUG] SNIAwareHttpClient:682 - Attempt 1 to execute request
2019-05-21 09:43:24,983 [DEBUG] DefaultClientConnection:274 - Sending request: HEAD /technology/epp/packages/2019-03/content.xml.xz HTTP/1.1
2019-05-21 09:43:24,983 [DEBUG] wire:73 -  >> "HEAD /technology/epp/packages/2019-03/content.xml.xz HTTP/1.1[\r][\n]"
2019-05-21 09:43:24,984 [DEBUG] wire:73 -  >> "Cache-Control: max-age=0[\r][\n]"
2019-05-21 09:43:24,984 [DEBUG] wire:73 -  >> "Host: download.eclipse.org[\r][\n]"
2019-05-21 09:43:24,984 [DEBUG] wire:73 -  >> "Connection: Keep-Alive[\r][\n]"
2019-05-21 09:43:24,984 [DEBUG] wire:73 -  >> "User-Agent: Apache-HttpClient/4.5.5 (Java/1.8.0_202)[\r][\n]"
2019-05-21 09:43:24,984 [DEBUG] wire:73 -  >> "[\r][\n]"
2019-05-21 09:43:24,985 [DEBUG] headers:278 - >> HEAD /technology/epp/packages/2019-03/content.xml.xz HTTP/1.1
2019-05-21 09:43:24,985 [DEBUG] headers:281 - >> Cache-Control: max-age=0
2019-05-21 09:43:24,985 [DEBUG] headers:281 - >> Host: download.eclipse.org
2019-05-21 09:43:24,985 [DEBUG] headers:281 - >> Connection: Keep-Alive
2019-05-21 09:43:24,985 [DEBUG] headers:281 - >> User-Agent: Apache-HttpClient/4.5.5 (Java/1.8.0_202)
2019-05-21 09:43:25,154 [DEBUG] wire:73 -  << "HTTP/1.1 200 OK[\r][\n]"
2019-05-21 09:43:25,155 [DEBUG] wire:73 -  << "Server: nginx[\r][\n]"
2019-05-21 09:43:25,155 [DEBUG] wire:73 -  << "Date: Tue, 21 May 2019 09:44:09 GMT[\r][\n]"
2019-05-21 09:43:25,155 [DEBUG] wire:73 -  << "Content-Type: text/xml[\r][\n]"
2019-05-21 09:43:25,155 [DEBUG] wire:73 -  << "Content-Length: 25388[\r][\n]"
2019-05-21 09:43:25,155 [DEBUG] wire:73 -  << "Connection: keep-alive[\r][\n]"
2019-05-21 09:43:25,156 [DEBUG] wire:73 -  << "Vary: Accept-Encoding[\r][\n]"
2019-05-21 09:43:25,156 [DEBUG] wire:73 -  << "Last-Modified: Thu, 14 Mar 2019 15:05:04 GMT[\r][\n]"
2019-05-21 09:43:25,156 [DEBUG] wire:73 -  << "ETag: "632c-5840f3f3ea800"[\r][\n]"
2019-05-21 09:43:25,156 [DEBUG] wire:73 -  << "X-NodeID: download1[\r][\n]"
2019-05-21 09:43:25,156 [DEBUG] wire:73 -  << "Strict-Transport-Security: max-age=15552000; includeSubDomains; preload[\r][\n]"
2019-05-21 09:43:25,156 [DEBUG] wire:73 -  << "X-Frame-Options: SAMEORIGIN[\r][\n]"
2019-05-21 09:43:25,156 [DEBUG] wire:73 -  << "X-Content-Type-Options: nosniff[\r][\n]"
2019-05-21 09:43:25,157 [DEBUG] wire:73 -  << "X-XSS-Protection: 1; mode=block[\r][\n]"
2019-05-21 09:43:25,157 [DEBUG] wire:73 -  << "X-Proxy-Cache: HIT[\r][\n]"
2019-05-21 09:43:25,157 [DEBUG] wire:73 -  << "Accept-Ranges: bytes[\r][\n]"
2019-05-21 09:43:25,157 [DEBUG] wire:73 -  << "[\r][\n]"
2019-05-21 09:43:25,157 [DEBUG] DefaultClientConnection:259 - Receiving response: HTTP/1.1 200 OK
2019-05-21 09:43:25,158 [DEBUG] headers:262 - << HTTP/1.1 200 OK
2019-05-21 09:43:25,158 [DEBUG] headers:265 - << Server: nginx
2019-05-21 09:43:25,158 [DEBUG] headers:265 - << Date: Tue, 21 May 2019 09:44:09 GMT
2019-05-21 09:43:25,158 [DEBUG] headers:265 - << Content-Type: text/xml
2019-05-21 09:43:25,158 [DEBUG] headers:265 - << Content-Length: 25388
2019-05-21 09:43:25,158 [DEBUG] headers:265 - << Connection: keep-alive
2019-05-21 09:43:25,158 [DEBUG] headers:265 - << Vary: Accept-Encoding
2019-05-21 09:43:25,159 [DEBUG] headers:265 - << Last-Modified: Thu, 14 Mar 2019 15:05:04 GMT
2019-05-21 09:43:25,159 [DEBUG] headers:265 - << ETag: "632c-5840f3f3ea800"
2019-05-21 09:43:25,159 [DEBUG] headers:265 - << X-NodeID: download1
2019-05-21 09:43:25,159 [DEBUG] headers:265 - << Strict-Transport-Security: max-age=15552000; includeSubDomains; preload
2019-05-21 09:43:25,159 [DEBUG] headers:265 - << X-Frame-Options: SAMEORIGIN
2019-05-21 09:43:25,159 [DEBUG] headers:265 - << X-Content-Type-Options: nosniff
2019-05-21 09:43:25,159 [DEBUG] headers:265 - << X-XSS-Protection: 1; mode=block
2019-05-21 09:43:25,160 [DEBUG] headers:265 - << X-Proxy-Cache: HIT
2019-05-21 09:43:25,160 [DEBUG] headers:265 - << Accept-Ranges: bytes
2019-05-21 09:43:25,160 [DEBUG] SNIAwareHttpClient:509 - Connection can be kept alive indefinitely
2019-05-21 09:43:25,160 [DEBUG] BasicClientConnectionManager:200 - Releasing connection org.apache.http.impl.conn.ManagedClientConnectionImpl@6f9a372
2019-05-21 09:43:25,161 [DEBUG] BasicClientConnectionManager:225 - Connection can be kept alive indefinitely
2019-05-21 09:43:25,417 [DEBUG] DefaultClientConnection:164 - Connection 0.0.0.0:50389<->148.253.244.142:80 shut down
2019-05-21 09:43:25,419 [DEBUG] DefaultClientConnection:164 - Connection 0.0.0.0:50396<->198.41.30.199:443 shut down
2019-05-21 09:43:25,421 [DEBUG] DefaultClientConnection:180 - Connection 0.0.0.0:50395<->198.41.30.199:443 closed
2019-05-21 09:43:25,422 [DEBUG] DefaultClientConnection:164 - Connection 0.0.0.0:50394<->198.41.30.199:443 shut down
2019-05-21 09:43:25,422 [DEBUG] DefaultClientConnection:180 - Connection 0.0.0.0:50393<->148.253.244.142:80 closed
2019-05-21 09:43:25,423 [DEBUG] DefaultClientConnection:164 - Connection 0.0.0.0:50392<->148.253.244.142:80 shut down
2019-05-21 09:43:25,424 [DEBUG] DefaultClientConnection:180 - Connection 0.0.0.0:50391<->148.253.244.142:80 closed
2019-05-21 09:43:25,425 [DEBUG] DefaultClientConnection:180 - Connection 0.0.0.0:50390<->148.253.244.142:80 closed
2019-05-21 09:43:25,522 [DEBUG] DefaultClientConnection:180 - Connection 0.0.0.0:50397<->198.41.30.199:443 closed
2019-05-21 09:43:25,536 [DEBUG] SingleClientConnManager:210 - Get connection for route {s}->https://download.eclipse.org:443
2019-05-21 09:43:25,538 [DEBUG] DefaultClientConnectionOperator:177 - Connecting to download.eclipse.org:443
2019-05-21 09:43:25,704 [DEBUG] RequestAddCookies:123 - CookieSpec selected: default
2019-05-21 09:43:25,704 [DEBUG] RequestAuthCache:77 - Auth cache not set in the context
2019-05-21 09:43:25,704 [DEBUG] RequestTargetAuthentication:80 - Target auth state: UNCHALLENGED
2019-05-21 09:43:25,704 [DEBUG] RequestProxyAuthentication:89 - Proxy auth state: UNCHALLENGED
2019-05-21 09:43:25,704 [DEBUG] SNIAwareHttpClient:682 - Attempt 1 to execute request
2019-05-21 09:43:25,705 [DEBUG] DefaultClientConnection:274 - Sending request: GET /releases/2019-03/201903201000/p2.index HTTP/1.1
2019-05-21 09:43:25,705 [DEBUG] wire:73 -  >> "GET /releases/2019-03/201903201000/p2.index HTTP/1.1[\r][\n]"
2019-05-21 09:43:25,705 [DEBUG] wire:73 -  >> "Cache-Control: max-age=0[\r][\n]"
2019-05-21 09:43:25,705 [DEBUG] wire:73 -  >> "User-Agent: p2/1.2.100.v20180822-1354 (Java 1.8.0_202-b08 AdoptOpenJdk; Windows10 10.0.0 x86-64; en_US) com.st.stm32cube.ide.mcu.rcp.product/unknownBuildId (org.eclipse.ui.ide.workbench)[\r][\n]"
2019-05-21 09:43:25,705 [DEBUG] wire:73 -  >> "Host: download.eclipse.org[\r][\n]"
2019-05-21 09:43:25,705 [DEBUG] wire:73 -  >> "Connection: Keep-Alive[\r][\n]"
2019-05-21 09:43:25,706 [DEBUG] wire:73 -  >> "Accept-Encoding: gzip,deflate[\r][\n]"
2019-05-21 09:43:25,706 [DEBUG] wire:73 -  >> "[\r][\n]"
2019-05-21 09:43:25,706 [DEBUG] headers:278 - >> GET /releases/2019-03/201903201000/p2.index HTTP/1.1
2019-05-21 09:43:25,706 [DEBUG] headers:281 - >> Cache-Control: max-age=0
2019-05-21 09:43:25,706 [DEBUG] headers:281 - >> User-Agent: p2/1.2.100.v20180822-1354 (Java 1.8.0_202-b08 AdoptOpenJdk; Windows10 10.0.0 x86-64; en_US) com.st.stm32cube.ide.mcu.rcp.product/unknownBuildId (org.eclipse.ui.ide.workbench)
2019-05-21 09:43:25,706 [DEBUG] headers:281 - >> Host: download.eclipse.org
2019-05-21 09:43:25,706 [DEBUG] headers:281 - >> Connection: Keep-Alive
2019-05-21 09:43:25,707 [DEBUG] headers:281 - >> Accept-Encoding: gzip,deflate
2019-05-21 09:43:26,218 [DEBUG] wire:73 -  << "HTTP/1.1 200 OK[\r][\n]"
2019-05-21 09:43:26,219 [DEBUG] wire:73 -  << "Server: nginx[\r][\n]"
2019-05-21 09:43:26,219 [DEBUG] wire:73 -  << "Date: Tue, 21 May 2019 09:44:10 GMT[\r][\n]"
2019-05-21 09:43:26,219 [DEBUG] wire:73 -  << "Content-Type: text/plain[\r][\n]"
2019-05-21 09:43:26,219 [DEBUG] wire:73 -  << "Transfer-Encoding: chunked[\r][\n]"
2019-05-21 09:43:26,219 [DEBUG] wire:73 -  << "Connection: keep-alive[\r][\n]"
2019-05-21 09:43:26,219 [DEBUG] wire:73 -  << "Vary: Accept-Encoding[\r][\n]"
2019-05-21 09:43:26,220 [DEBUG] wire:73 -  << "Last-Modified: Thu, 14 Mar 2019 12:58:33 GMT[\r][\n]"
2019-05-21 09:43:26,220 [DEBUG] wire:73 -  << "ETag: W/"8e-5840d7acd9f07"[\r][\n]"
2019-05-21 09:43:26,220 [DEBUG] wire:73 -  << "X-NodeID: download2[\r][\n]"
2019-05-21 09:43:26,220 [DEBUG] wire:73 -  << "Strict-Transport-Security: max-age=15552000; includeSubDomains; preload[\r][\n]"
2019-05-21 09:43:26,220 [DEBUG] wire:73 -  << "X-Frame-Options: SAMEORIGIN[\r][\n]"
2019-05-21 09:43:26,221 [DEBUG] wire:73 -  << "X-Content-Type-Options: nosniff[\r][\n]"
2019-05-21 09:43:26,221 [DEBUG] wire:73 -  << "X-XSS-Protection: 1; mode=block[\r][\n]"
2019-05-21 09:43:26,221 [DEBUG] wire:73 -  << "X-Proxy-Cache: HIT[\r][\n]"
2019-05-21 09:43:26,221 [DEBUG] wire:73 -  << "Content-Encoding: gzip[\r][\n]"
2019-05-21 09:43:26,221 [DEBUG] wire:73 -  << "[\r][\n]"
2019-05-21 09:43:26,221 [DEBUG] DefaultClientConnection:259 - Receiving response: HTTP/1.1 200 OK
2019-05-21 09:43:26,222 [DEBUG] headers:262 - << HTTP/1.1 200 OK
2019-05-21 09:43:26,222 [DEBUG] headers:265 - << Server: nginx
2019-05-21 09:43:26,222 [DEBUG] headers:265 - << Date: Tue, 21 May 2019 09:44:10 GMT
2019-05-21 09:43:26,222 [DEBUG] headers:265 - << Content-Type: text/plain
2019-05-21 09:43:26,222 [DEBUG] headers:265 - << Transfer-Encoding: chunked
2019-05-21 09:43:26,222 [DEBUG] headers:265 - << Connection: keep-alive
2019-05-21 09:43:26,222 [DEBUG] headers:265 - << Vary: Accept-Encoding
2019-05-21 09:43:26,223 [DEBUG] headers:265 - << Last-Modified: Thu, 14 Mar 2019 12:58:33 GMT
2019-05-21 09:43:26,223 [DEBUG] headers:265 - << ETag: W/"8e-5840d7acd9f07"
2019-05-21 09:43:26,223 [DEBUG] headers:265 - << X-NodeID: download2
2019-05-21 09:43:26,223 [DEBUG] headers:265 - << Strict-Transport-Security: max-age=15552000; includeSubDomains; preload
2019-05-21 09:43:26,223 [DEBUG] headers:265 - << X-Frame-Options: SAMEORIGIN
2019-05-21 09:43:26,223 [DEBUG] headers:265 - << X-Content-Type-Options: nosniff
2019-05-21 09:43:26,223 [DEBUG] headers:265 - << X-XSS-Protection: 1; mode=block
2019-05-21 09:43:26,223 [DEBUG] headers:265 - << X-Proxy-Cache: HIT
2019-05-21 09:43:26,224 [DEBUG] headers:265 - << Content-Encoding: gzip
2019-05-21 09:43:26,224 [DEBUG] SNIAwareHttpClient:509 - Connection can be kept alive indefinitely
2019-05-21 09:43:26,225 [DEBUG] wire:73 -  << "63[\r][\n]"
2019-05-21 09:43:26,226 [DEBUG] wire:87 -  << "[0x1f]"
2019-05-21 09:43:26,226 [DEBUG] wire:87 -  << "[0x8b]"
2019-05-21 09:43:26,226 [DEBUG] wire:87 -  << "[0x8]"
2019-05-21 09:43:26,226 [DEBUG] wire:87 -  << "[0x0]"
2019-05-21 09:43:26,226 [DEBUG] wire:87 -  << "[0x0][0x0][0x0][0x0][0x0][0x3]"
2019-05-21 09:43:26,226 [DEBUG] wire:73 -  << "+K-*[0xce][0xcc][0xcf][0xb3]5[0xe4][0xca]M-ILI,I[0xd4]+J-[0xc8]/[0xce],[0xc9]/[0xaa][0xd4]KKL[0x6][0xd3][0xf9]E)[0xa9]E[0xb6][\n]"
2019-05-21 09:43:26,226 [DEBUG] wire:87 -  << "[0xc9][0xf9]y%[0xa9]y%z[0x15][0xb9]9z[0x15]U:H\[0x1d]E[0xae][0xc4][0xa2][0x92]L[0x90]z<[0xfa]aJ[0x8a]a&[0xa0][0x8][0x0][0xcd][0x0][0x0][0x94][0x5]R[0xac][0x8e][0x0][0x0][0x0]"
2019-05-21 09:43:26,227 [DEBUG] wire:73 -  << "[\r][\n]"
2019-05-21 09:43:26,227 [DEBUG] wire:73 -  << "0[\r][\n]"
2019-05-21 09:43:26,228 [DEBUG] wire:73 -  << "[\r][\n]"
2019-05-21 09:43:26,228 [DEBUG] SingleClientConnManager:265 - Releasing connection org.apache.http.impl.conn.SingleClientConnManager$ConnAdapter@6b4c6469
2019-05-21 09:43:26,402 [DEBUG] BasicClientConnectionManager:161 - Get connection for route {s}->https://download.eclipse.org:443
2019-05-21 09:43:26,402 [DEBUG] DefaultClientConnectionOperator:177 - Connecting to download.eclipse.org:443
2019-05-21 09:43:27,144 [DEBUG] RequestAddCookies:123 - CookieSpec selected: default
2019-05-21 09:43:27,144 [DEBUG] RequestAuthCache:77 - Auth cache not set in the context
2019-05-21 09:43:27,144 [DEBUG] RequestTargetAuthentication:80 - Target auth state: UNCHALLENGED
2019-05-21 09:43:27,144 [DEBUG] RequestProxyAuthentication:89 - Proxy auth state: UNCHALLENGED
2019-05-21 09:43:27,144 [DEBUG] SNIAwareHttpClient:682 - Attempt 1 to execute request
2019-05-21 09:43:27,144 [DEBUG] DefaultClientConnection:274 - Sending request: HEAD /releases/2019-03/201903201000/content.xml.xz HTTP/1.1
2019-05-21 09:43:27,145 [DEBUG] wire:73 -  >> "HEAD /releases/2019-03/201903201000/content.xml.xz HTTP/1.1[\r][\n]"
2019-05-21 09:43:27,145 [DEBUG] wire:73 -  >> "Cache-Control: max-age=0[\r][\n]"
2019-05-21 09:43:27,145 [DEBUG] wire:73 -  >> "Host: download.eclipse.org[\r][\n]"
2019-05-21 09:43:27,145 [DEBUG] wire:73 -  >> "Connection: Keep-Alive[\r][\n]"
2019-05-21 09:43:27,145 [DEBUG] wire:73 -  >> "User-Agent: Apache-HttpClient/4.5.5 (Java/1.8.0_202)[\r][\n]"
2019-05-21 09:43:27,145 [DEBUG] wire:73 -  >> "[\r][\n]"
2019-05-21 09:43:27,146 [DEBUG] headers:278 - >> HEAD /releases/2019-03/201903201000/content.xml.xz HTTP/1.1
2019-05-21 09:43:27,146 [DEBUG] headers:281 - >> Cache-Control: max-age=0
2019-05-21 09:43:27,146 [DEBUG] headers:281 - >> Host: download.eclipse.org
2019-05-21 09:43:27,146 [DEBUG] headers:281 - >> Connection: Keep-Alive
2019-05-21 09:43:27,146 [DEBUG] headers:281 - >> User-Agent: Apache-HttpClient/4.5.5 (Java/1.8.0_202)
2019-05-21 09:43:27,315 [DEBUG] wire:73 -  << "HTTP/1.1 200 OK[\r][\n]"
2019-05-21 09:43:27,315 [DEBUG] wire:73 -  << "Server: nginx[\r][\n]"
2019-05-21 09:43:27,315 [DEBUG] wire:73 -  << "Date: Tue, 21 May 2019 09:44:11 GMT[\r][\n]"
2019-05-21 09:43:27,315 [DEBUG] wire:73 -  << "Content-Type: text/xml[\r][\n]"
2019-05-21 09:43:27,316 [DEBUG] wire:73 -  << "Content-Length: 1016284[\r][\n]"
2019-05-21 09:43:27,316 [DEBUG] wire:73 -  << "Connection: keep-alive[\r][\n]"
2019-05-21 09:43:27,316 [DEBUG] wire:73 -  << "Vary: Accept-Encoding[\r][\n]"
2019-05-21 09:43:27,316 [DEBUG] wire:73 -  << "Last-Modified: Thu, 21 Mar 2019 10:13:51 GMT[\r][\n]"
2019-05-21 09:43:27,316 [DEBUG] wire:73 -  << "ETag: "f81dc-58497feaec139"[\r][\n]"
2019-05-21 09:43:27,316 [DEBUG] wire:73 -  << "X-NodeID: download1[\r][\n]"
2019-05-21 09:43:27,316 [DEBUG] wire:73 -  << "Strict-Transport-Security: max-age=15552000; includeSubDomains; preload[\r][\n]"
2019-05-21 09:43:27,316 [DEBUG] wire:73 -  << "X-Frame-Options: SAMEORIGIN[\r][\n]"
2019-05-21 09:43:27,317 [DEBUG] wire:73 -  << "X-Content-Type-Options: nosniff[\r][\n]"
2019-05-21 09:43:27,317 [DEBUG] wire:73 -  << "X-XSS-Protection: 1; mode=block[\r][\n]"
2019-05-21 09:43:27,317 [DEBUG] wire:73 -  << "X-Proxy-Cache: HIT[\r][\n]"
2019-05-21 09:43:27,317 [DEBUG] wire:73 -  << "Accept-Ranges: bytes[\r][\n]"
2019-05-21 09:43:27,317 [DEBUG] wire:73 -  << "[\r][\n]"
2019-05-21 09:43:27,317 [DEBUG] DefaultClientConnection:259 - Receiving response: HTTP/1.1 200 OK
2019-05-21 09:43:27,318 [DEBUG] headers:262 - << HTTP/1.1 200 OK
2019-05-21 09:43:27,318 [DEBUG] headers:265 - << Server: nginx
2019-05-21 09:43:27,318 [DEBUG] headers:265 - << Date: Tue, 21 May 2019 09:44:11 GMT
2019-05-21 09:43:27,318 [DEBUG] headers:265 - << Content-Type: text/xml
2019-05-21 09:43:27,318 [DEBUG] headers:265 - << Content-Length: 1016284
2019-05-21 09:43:27,318 [DEBUG] headers:265 - << Connection: keep-alive
2019-05-21 09:43:27,318 [DEBUG] headers:265 - << Vary: Accept-Encoding
2019-05-21 09:43:27,318 [DEBUG] headers:265 - << Last-Modified: Thu, 21 Mar 2019 10:13:51 GMT
2019-05-21 09:43:27,319 [DEBUG] headers:265 - << ETag: "f81dc-58497feaec139"
2019-05-21 09:43:27,319 [DEBUG] headers:265 - << X-NodeID: download1
2019-05-21 09:43:27,320 [DEBUG] headers:265 - << Strict-Transport-Security: max-age=15552000; includeSubDomains; preload
2019-05-21 09:43:27,320 [DEBUG] headers:265 - << X-Frame-Options: SAMEORIGIN
2019-05-21 09:43:27,320 [DEBUG] headers:265 - << X-Content-Type-Options: nosniff
2019-05-21 09:43:27,320 [DEBUG] headers:265 - << X-XSS-Protection: 1; mode=block
2019-05-21 09:43:27,320 [DEBUG] headers:265 - << X-Proxy-Cache: HIT
2019-05-21 09:43:27,320 [DEBUG] headers:265 - << Accept-Ranges: bytes
2019-05-21 09:43:27,321 [DEBUG] SNIAwareHttpClient:509 - Connection can be kept alive indefinitely
2019-05-21 09:43:27,321 [DEBUG] BasicClientConnectionManager:200 - Releasing connection org.apache.http.impl.conn.ManagedClientConnectionImpl@1e73d001
2019-05-21 09:43:27,321 [DEBUG] BasicClientConnectionManager:225 - Connection can be kept alive indefinitely
2019-05-21 09:43:27,645 [DEBUG] DefaultClientConnection:180 - Connection 0.0.0.0:50399<->198.41.30.199:443 closed
2019-05-21 09:45:20,358 [DEBUG] DefaultClientConnection:164 - Connection 0.0.0.0:50398<->198.41.30.199:443 shut down
